<?xml version="1.0" encoding="UTF-8"?>
<testng-results ignored="0" total="1" passed="1" failed="0" skipped="0">
  <reporter-output>
  </reporter-output>
  <suite started-at="2024-03-01T13:12:25 IST" name="SauceSuite" finished-at="2024-03-01T13:12:39 IST" duration-ms="13685">
    <groups>
    </groups>
    <test started-at="2024-03-01T13:12:25 IST" name="SauceLoginTest" finished-at="2024-03-01T13:12:39 IST" duration-ms="13685">
      <class name="SauceDemoProjectTests.LoginTest">
        <test-method is-config="true" signature="getDriver(java.lang.String)[pri:0, instance:SauceDemoProjectTests.LoginTest@5782d777]" started-at="2024-03-01T13:12:25 IST" name="getDriver" finished-at="2024-03-01T13:12:29 IST" duration-ms="3980" status="PASS">
          <params>
            <param index="0">
              <value>
                <![CDATA[chrome]]>
              </value>
            </param>
          </params>
          <reporter-output>
          </reporter-output>
        </test-method> <!-- getDriver -->
        <test-method signature="verifyLoginTest(java.lang.String,java.lang.String)[pri:0, instance:SauceDemoProjectTests.LoginTest@5782d777]" started-at="2024-03-01T13:12:29 IST" name="verifyLoginTest" data-provider="UserDataDataprovider" finished-at="2024-03-01T13:12:38 IST" duration-ms="9061" status="PASS">
          <params>
            <param index="0">
              <value>
                <![CDATA[visual_user]]>
              </value>
            </param>
            <param index="1">
              <value>
                <![CDATA[secret_sauce]]>
              </value>
            </param>
          </params>
          <reporter-output>
          </reporter-output>
        </test-method> <!-- verifyLoginTest -->
        <test-method is-config="true" signature="closeBrowser()[pri:0, instance:SauceDemoProjectTests.LoginTest@5782d777]" started-at="2024-03-01T13:12:38 IST" name="closeBrowser" finished-at="2024-03-01T13:12:39 IST" duration-ms="238" status="PASS">
          <reporter-output>
          </reporter-output>
        </test-method> <!-- closeBrowser -->
      </class> <!-- SauceDemoProjectTests.LoginTest -->
    </test> <!-- SauceLoginTest -->
  </suite> <!-- SauceSuite -->
</testng-results>
